<?xml version="1.0" encoding="UTF-8"?>
<testng-results skipped="0" failed="0" total="1" passed="1">
  <reporter-output>
  </reporter-output>
  <suite name="Default suite" duration-ms="38852" started-at="2021-08-11T06:55:09Z" finished-at="2021-08-11T06:55:47Z">
    <groups>
    </groups>
    <test name="Default test" duration-ms="38852" started-at="2021-08-11T06:55:09Z" finished-at="2021-08-11T06:55:47Z">
      <class name="Demo.Demohybrid">
        <test-method status="PASS" signature="setup()[pri:0, instance:Demo.Demohybrid@5e316c74]" name="setup" is-config="true" duration-ms="15547" started-at="2021-08-11T12:25:09Z" finished-at="2021-08-11T12:25:24Z">
          <reporter-output>
          </reporter-output>
        </test-method> <!-- setup -->
        <test-method status="PASS" signature="test4()[pri:0, instance:Demo.Demohybrid@5e316c74]" name="test4" duration-ms="23290" started-at="2021-08-11T12:25:24Z" finished-at="2021-08-11T12:25:47Z">
          <reporter-output>
          </reporter-output>
        </test-method> <!-- test4 -->
      </class> <!-- Demo.Demohybrid -->
    </test> <!-- Default test -->
  </suite> <!-- Default suite -->
</testng-results>
