<?xml version="1.0" encoding="UTF-8"?>
<testng-results skipped="0" failed="0" total="1" passed="1">
  <reporter-output>
  </reporter-output>
  <suite name="Default suite" duration-ms="42398" started-at="2021-08-10T06:56:56Z" finished-at="2021-08-10T06:57:39Z">
    <groups>
    </groups>
    <test name="Default test" duration-ms="42398" started-at="2021-08-10T06:56:56Z" finished-at="2021-08-10T06:57:39Z">
      <class name="Native.Demo">
        <test-method status="PASS" signature="setup()[pri:0, instance:Native.Demo@1e802ef9]" name="setup" is-config="true" duration-ms="32397" started-at="2021-08-10T12:26:56Z" finished-at="2021-08-10T12:27:29Z">
          <reporter-output>
          </reporter-output>
        </test-method> <!-- setup -->
        <test-method status="PASS" signature="test6()[pri:0, instance:Native.Demo@1e802ef9]" name="test6" duration-ms="9970" started-at="2021-08-10T12:27:29Z" finished-at="2021-08-10T12:27:39Z">
          <reporter-output>
          </reporter-output>
        </test-method> <!-- test6 -->
      </class> <!-- Native.Demo -->
    </test> <!-- Default test -->
  </suite> <!-- Default suite -->
</testng-results>
